<?xml version="1.0" encoding="UTF-8"?>
<!-- Generated by org.testng.reporters.JUnitXMLReporter -->
<testsuite ignored="0" hostname="DESKTOP-I9UED8G" failures="2" tests="6" name="Test" time="81.663" errors="0" timestamp="2023-03-13T16:08:41 IST">
  <testcase classname="com.seleniumModule.THREE.OHRMTestNG" name="@BeforeMethod homepage" time="11.7">
    <failure type="org.openqa.selenium.WebDriverException" message="disconnected: received Inspector.detached event
  (failed to check if window was closed: disconnected: Unable to receive message from renderer)
  (Session info: chrome=110.0.5481.105)
Build info: version: &amp;apos;4.7.2&amp;apos;, revision: &amp;apos;4d4020c3b7&amp;apos;
System info: os.name: &amp;apos;Windows 10&amp;apos;, os.arch: &amp;apos;amd64&amp;apos;, os.version: &amp;apos;10.0&amp;apos;, java.version: &amp;apos;17.0.5&amp;apos;
Driver info: org.openqa.selenium.chrome.ChromeDriver
Command: [81e0ac8fdd1edc95695fa2efc2c6c09f, get {url=https://opensource-demo.orangehrmlive.com/web/index.php/auth/login}]
Capabilities {acceptInsecureCerts: false, browserName: chrome, browserVersion: 110.0.5481.105, chrome: {chromedriverVersion: 110.0.5481.77 (65ed616c6e8e..., userDataDir: C:\Users\DELL\AppData\Local...}, goog:chromeOptions: {debuggerAddress: localhost:57704}, networkConnectionEnabled: false, pageLoadStrategy: normal, platformName: WINDOWS, proxy: Proxy(), se:cdp: ws://localhost:57704/devtoo..., se:cdpVersion: 110.0.5481.105, setWindowRect: true, strictFileInteractability: false, timeouts: {implicit: 0, pageLoad: 300000, script: 30000}, unhandledPromptBehavior: dismiss and notify, webauthn:extension:credBlob: true, webauthn:extension:largeBlob: true, webauthn:virtualAuthenticators: true}
Session ID: 81e0ac8fdd1edc95695fa2efc2c6c09f">
      <![CDATA[org.openqa.selenium.WebDriverException: disconnected: received Inspector.detached event
  (failed to check if window was closed: disconnected: Unable to receive message from renderer)
  (Session info: chrome=110.0.5481.105)
Build info: version: '4.7.2', revision: '4d4020c3b7'
System info: os.name: 'Windows 10', os.arch: 'amd64', os.version: '10.0', java.version: '17.0.5'
Driver info: org.openqa.selenium.chrome.ChromeDriver
Command: [81e0ac8fdd1edc95695fa2efc2c6c09f, get {url=https://opensource-demo.orangehrmlive.com/web/index.php/auth/login}]
Capabilities {acceptInsecureCerts: false, browserName: chrome, browserVersion: 110.0.5481.105, chrome: {chromedriverVersion: 110.0.5481.77 (65ed616c6e8e..., userDataDir: C:\Users\DELL\AppData\Local...}, goog:chromeOptions: {debuggerAddress: localhost:57704}, networkConnectionEnabled: false, pageLoadStrategy: normal, platformName: WINDOWS, proxy: Proxy(), se:cdp: ws://localhost:57704/devtoo..., se:cdpVersion: 110.0.5481.105, setWindowRect: true, strictFileInteractability: false, timeouts: {implicit: 0, pageLoad: 300000, script: 30000}, unhandledPromptBehavior: dismiss and notify, webauthn:extension:credBlob: true, webauthn:extension:largeBlob: true, webauthn:virtualAuthenticators: true}
Session ID: 81e0ac8fdd1edc95695fa2efc2c6c09f
at org.openqa.selenium.remote.codec.w3c.W3CHttpResponseCodec.createException(W3CHttpResponseCodec.java:200)
at org.openqa.selenium.remote.codec.w3c.W3CHttpResponseCodec.decode(W3CHttpResponseCodec.java:133)
at org.openqa.selenium.remote.codec.w3c.W3CHttpResponseCodec.decode(W3CHttpResponseCodec.java:53)
at org.openqa.selenium.remote.HttpCommandExecutor.execute(HttpCommandExecutor.java:184)
at org.openqa.selenium.remote.service.DriverCommandExecutor.invokeExecute(DriverCommandExecutor.java:167)
at org.openqa.selenium.remote.service.DriverCommandExecutor.execute(DriverCommandExecutor.java:142)
at org.openqa.selenium.remote.RemoteWebDriver.execute(RemoteWebDriver.java:535)
at org.openqa.selenium.remote.RemoteWebDriver.get(RemoteWebDriver.java:296)
at com.seleniumModule.THREE.OHRMTestNG.homepage(OHRMTestNG.java:26)
at java.base/java.util.ArrayList.forEach(ArrayList.java:1511)
... Removed 36 stack frames]]>
    </failure>
  </testcase> <!-- @BeforeMethod homepage -->
  <testcase classname="com.seleniumModule.THREE.OHRMTestNG" name="@BeforeMethod homepage" time="-1.678703920998E9">
    <skipped/>
  </testcase> <!-- @BeforeMethod homepage -->
  <testcase classname="com.seleniumModule.THREE.OHRMTestNG" name="@BeforeMethod homepage" time="-1.678703921018E9">
    <skipped/>
  </testcase> <!-- @BeforeMethod homepage -->
  <testcase classname="com.seleniumModule.THREE.OHRMTestNG" name="@BeforeMethod homepage" time="-1.678703921035E9">
    <skipped/>
  </testcase> <!-- @BeforeMethod homepage -->
  <testcase classname="com.seleniumModule.THREE.OHRMTestNG" name="addemployee" time="0.01">
    <failure type="java.lang.ClassCastException" message="class org.openqa.selenium.By$ByXPath cannot be cast to class org.openqa.selenium.SearchContext (org.openqa.selenium.By$ByXPath and org.openqa.selenium.SearchContext are in unnamed module of loader &amp;apos;app&amp;apos;)">
      <![CDATA[java.lang.ClassCastException: class org.openqa.selenium.By$ByXPath cannot be cast to class org.openqa.selenium.SearchContext (org.openqa.selenium.By$ByXPath and org.openqa.selenium.SearchContext are in unnamed module of loader 'app')
at com.seleniumModule.THREE.OHRMTestNG.addemployee(OHRMTestNG.java:78)
at java.base/java.util.ArrayList.forEach(ArrayList.java:1511)
... Removed 27 stack frames]]>
    </failure>
  </testcase> <!-- addemployee -->
  <testcase classname="com.seleniumModule.THREE.OHRMTestNG" name="contactinfo" time="0.002">
    <failure type="java.lang.ClassCastException" message="class org.openqa.selenium.By$ByXPath cannot be cast to class org.openqa.selenium.SearchContext (org.openqa.selenium.By$ByXPath and org.openqa.selenium.SearchContext are in unnamed module of loader &amp;apos;app&amp;apos;)">
      <![CDATA[java.lang.ClassCastException: class org.openqa.selenium.By$ByXPath cannot be cast to class org.openqa.selenium.SearchContext (org.openqa.selenium.By$ByXPath and org.openqa.selenium.SearchContext are in unnamed module of loader 'app')
at com.seleniumModule.THREE.OHRMTestNG.contactinfo(OHRMTestNG.java:117)
at java.base/java.util.ArrayList.forEach(ArrayList.java:1511)
... Removed 27 stack frames]]>
    </failure>
  </testcase> <!-- contactinfo -->
  <testcase classname="com.seleniumModule.THREE.OHRMTestNG" name="directoryemployee" time="0.0">
    <skipped/>
  </testcase> <!-- directoryemployee -->
  <testcase classname="com.seleniumModule.THREE.OHRMTestNG" name="forgotpass" time="0.0">
    <skipped/>
  </testcase> <!-- forgotpass -->
  <testcase classname="com.seleniumModule.THREE.OHRMTestNG" name="login" time="0.0">
    <skipped/>
  </testcase> <!-- login -->
  <testcase classname="com.seleniumModule.THREE.OHRMTestNG" name="search" time="0.0">
    <skipped/>
  </testcase> <!-- search -->
</testsuite> <!-- Test -->
